<?xml version="1.0" encoding="UTF-8"?>
<testng-results ignored="0" total="2" passed="2" failed="0" skipped="0">
  <reporter-output>
  </reporter-output>
  <suite started-at="2023-03-14T02:00:53 PDT" name="Suite" finished-at="2023-03-14T02:01:42 PDT" duration-ms="49439">
    <groups>
    </groups>
    <test started-at="2023-03-14T02:00:53 PDT" name="Test" finished-at="2023-03-14T02:01:42 PDT" duration-ms="49439">
      <class name="TestingTaskApp.TestingTask.Testingtaskmain">
        <test-method is-config="true" signature="appiumtest()[pri:0, instance:TestingTaskApp.TestingTask.Testingtaskmain@1869fbd2]" started-at="2023-03-14T02:00:53 PDT" name="appiumtest" finished-at="2023-03-14T02:01:12 PDT" duration-ms="19365" status="PASS">
          <reporter-output>
          </reporter-output>
        </test-method> <!-- appiumtest -->
        <test-method signature="createaccount()[pri:1, instance:TestingTaskApp.TestingTask.Testingtaskmain@1869fbd2]" started-at="2023-03-14T02:01:12 PDT" name="createaccount" finished-at="2023-03-14T02:01:29 PDT" duration-ms="16907" status="PASS">
          <reporter-output>
          </reporter-output>
        </test-method> <!-- createaccount -->
        <test-method signature="login()[pri:2, instance:TestingTaskApp.TestingTask.Testingtaskmain@1869fbd2]" started-at="2023-03-14T02:01:29 PDT" name="login" finished-at="2023-03-14T02:01:38 PDT" duration-ms="8484" status="PASS">
          <reporter-output>
          </reporter-output>
        </test-method> <!-- login -->
        <test-method is-config="true" signature="tearDown()[pri:0, instance:TestingTaskApp.TestingTask.Testingtaskmain@1869fbd2]" started-at="2023-03-14T02:01:38 PDT" name="tearDown" finished-at="2023-03-14T02:01:42 PDT" duration-ms="4628" status="PASS">
          <reporter-output>
          </reporter-output>
        </test-method> <!-- tearDown -->
      </class> <!-- TestingTaskApp.TestingTask.Testingtaskmain -->
    </test> <!-- Test -->
  </suite> <!-- Suite -->
</testng-results>
